[0m11:29:22.641505 [debug] [MainThread]: Sending event: {'category': 'dbt', 'action': 'invocation', 'label': 'start', 'context': [<snowplow_tracker.self_describing_json.SelfDescribingJson object at 0x750b3ee06ba0>, <snowplow_tracker.self_describing_json.SelfDescribingJson object at 0x750b3dc87d90>, <snowplow_tracker.self_describing_json.SelfDescribingJson object at 0x750b3dc87b10>]}


============================== 11:29:22.645685 | 8451875e-17bb-42d0-9a0b-eaf6fcf16197 ==============================
[0m11:29:22.645685 [info ] [MainThread]: Running with dbt=1.11.7
[0m11:29:22.646547 [debug] [MainThread]: running dbt with arguments {'partial_parse': 'True', 'target_path': 'None', 'introspect': 'True', 'log_format': 'default', 'static_parser': 'True', 'log_path': 'logs', 'no_print': 'None', 'fail_fast': 'False', 'debug': 'False', 'cache_selected_only': 'False', 'quiet': 'False', 'invocation_command': 'dbt init tarea_clase_7', 'indirect_selection': 'eager', 'use_experimental_parser': 'False', 'warn_error_options': 'WarnErrorOptionsV2(error=[], warn=[], silence=[])', 'write_json': 'True', 'version_check': 'True', 'warn_error': 'None', 'send_anonymous_usage_stats': 'True', 'log_cache_events': 'False', 'empty': 'None', 'printer_width': '80', 'profiles_dir': '/home/aruberto/.dbt', 'use_colors': 'True'}
[0m11:29:22.703674 [debug] [MainThread]: Starter project path: /mnt/135680BB56395628/Maestría/INTRODUCCIÓN A LA INTEGRACIÓN DE DATOS/git/data-integration/dbt-env/lib/python3.13/site-packages/dbt/include/starter_project
[0m11:29:22.720094 [info ] [MainThread]: 
Your new dbt project "tarea_clase_7" was created!

For more information on how to configure the profiles.yml file,
please consult the dbt documentation here:

  https://docs.getdbt.com/docs/configure-your-profile

One more thing:

Need help? Don't hesitate to reach out to us via GitHub issues or on Slack:

  https://community.getdbt.com/

Happy modeling!

[0m11:29:22.720737 [info ] [MainThread]: Setting up your profile.
[0m11:29:43.274677 [debug] [MainThread]: Resource report: {"command_name": "init", "command_success": true, "command_wall_clock_time": 20.707872, "process_in_blocks": "0", "process_kernel_time": 0.261879, "process_mem_max_rss": "132492", "process_out_blocks": "20", "process_user_time": 1.62365}
[0m11:29:43.275526 [debug] [MainThread]: Command `dbt init` succeeded at 11:29:43.275357 after 20.71 seconds
[0m11:29:43.276322 [debug] [MainThread]: Sending event: {'category': 'dbt', 'action': 'invocation', 'label': 'end', 'context': [<snowplow_tracker.self_describing_json.SelfDescribingJson object at 0x750b3dcc90f0>, <snowplow_tracker.self_describing_json.SelfDescribingJson object at 0x750b3dc056d0>, <snowplow_tracker.self_describing_json.SelfDescribingJson object at 0x750b3db43350>]}
[0m11:29:43.277016 [debug] [MainThread]: Flushing usage events
[0m11:29:44.125684 [debug] [MainThread]: An error was encountered while trying to flush usage events
